c:\users\mburdge\documents\visual studio projects\machine learning\project 1 - learning the basics\x64\debug\vc143.pdb
c:\users\mburdge\documents\visual studio projects\machine learning\project 1 - learning the basics\x64\debug\vc143.idb
c:\users\mburdge\documents\visual studio projects\machine learning\project 1 - learning the basics\x64\debug\render.obj
c:\users\mburdge\documents\visual studio projects\machine learning\project 1 - learning the basics\x64\debug\neuralnetwork.obj
c:\users\mburdge\documents\visual studio projects\machine learning\project 1 - learning the basics\x64\debug\layer.obj
c:\users\mburdge\documents\visual studio projects\machine learning\project 1 - learning the basics\x64\debug\hyperparameters.obj
c:\users\mburdge\documents\visual studio projects\machine learning\project 1 - learning the basics\x64\debug\cost.obj
c:\users\mburdge\documents\visual studio projects\machine learning\project 1 - learning the basics\x64\debug\activation.obj
c:\users\mburdge\documents\visual studio projects\machine learning\project 1 - learning the basics\x64\debug\neuralnetworksubsystem.obj
c:\users\mburdge\documents\visual studio projects\machine learning\project 1 - learning the basics\x64\debug\main.obj
c:\users\mburdge\documents\visual studio projects\machine learning\project 1 - learning the basics\x64\debug\imgui_widgets.obj
c:\users\mburdge\documents\visual studio projects\machine learning\project 1 - learning the basics\x64\debug\imgui_tables.obj
c:\users\mburdge\documents\visual studio projects\machine learning\project 1 - learning the basics\x64\debug\imgui_draw.obj
c:\users\mburdge\documents\visual studio projects\machine learning\project 1 - learning the basics\x64\debug\imgui_demo.obj
c:\users\mburdge\documents\visual studio projects\machine learning\project 1 - learning the basics\x64\debug\imgui.obj
c:\users\mburdge\documents\visual studio projects\machine learning\project 1 - learning the basics\x64\debug\imgui_impl_vulkan.obj
c:\users\mburdge\documents\visual studio projects\machine learning\project 1 - learning the basics\x64\debug\imgui_impl_glfw.obj
c:\users\mburdge\documents\visual studio projects\machine learning\project 1 - learning the basics\x64\debug\project 1 - learning the basics.pdb
c:\users\mburdge\documents\visual studio projects\machine learning\project 1 - learning the basics\x64\debug\project .35ffbe07.tlog\cl.command.1.tlog
c:\users\mburdge\documents\visual studio projects\machine learning\project 1 - learning the basics\x64\debug\project .35ffbe07.tlog\cl.read.1.tlog
c:\users\mburdge\documents\visual studio projects\machine learning\project 1 - learning the basics\x64\debug\project .35ffbe07.tlog\cl.write.1.tlog
c:\users\mburdge\documents\visual studio projects\machine learning\project 1 - learning the basics\x64\debug\project .35ffbe07.tlog\link-cvtres.read.1.tlog
c:\users\mburdge\documents\visual studio projects\machine learning\project 1 - learning the basics\x64\debug\project .35ffbe07.tlog\link-cvtres.write.1.tlog
c:\users\mburdge\documents\visual studio projects\machine learning\project 1 - learning the basics\x64\debug\project .35ffbe07.tlog\link-rc.read.1.tlog
c:\users\mburdge\documents\visual studio projects\machine learning\project 1 - learning the basics\x64\debug\project .35ffbe07.tlog\link-rc.write.1.tlog
c:\users\mburdge\documents\visual studio projects\machine learning\project 1 - learning the basics\x64\debug\project .35ffbe07.tlog\link.command.1.tlog
c:\users\mburdge\documents\visual studio projects\machine learning\project 1 - learning the basics\x64\debug\project .35ffbe07.tlog\link.read.1.tlog
c:\users\mburdge\documents\visual studio projects\machine learning\project 1 - learning the basics\x64\debug\project .35ffbe07.tlog\link.read.2.tlog
c:\users\mburdge\documents\visual studio projects\machine learning\project 1 - learning the basics\x64\debug\project .35ffbe07.tlog\link.write.1.tlog
